===================================================================
NB digit:
-- classifier: Naive Bayes Algorithm
-- image type: digit
-------------------------------------------------------------------
TRAINING SIZE: 10%
  Trial 0: accuracy=0.64, error=0.36, training time (seconds)=0.014
  Trial 1: accuracy=0.69, error=0.31, training time (seconds)=0.014
  Trial 2: accuracy=0.68, error=0.32, training time (seconds)=0.013
  Trial 3: accuracy=0.58, error=0.42, training time (seconds)=0.013
  Trial 4: accuracy=0.59, error=0.41, training time (seconds)=0.014
  ** SUMMARY: MEAN ACCURACY=0.64, STANDARD DEVIATION=0.04, MEAN ERROR=0.36, AVERAGE TRAINING TIME (SECONDS)=0.014
TRAINING SIZE: 20%
  Trial 0: accuracy=0.69, error=0.31, training time (seconds)=0.028
  Trial 1: accuracy=0.69, error=0.31, training time (seconds)=0.028
  Trial 2: accuracy=0.69, error=0.31, training time (seconds)=0.028
  Trial 3: accuracy=0.68, error=0.32, training time (seconds)=0.028
  Trial 4: accuracy=0.72, error=0.28, training time (seconds)=0.028
  ** SUMMARY: MEAN ACCURACY=0.69, STANDARD DEVIATION=0.01, MEAN ERROR=0.31, AVERAGE TRAINING TIME (SECONDS)=0.028
TRAINING SIZE: 30%
  Trial 0: accuracy=0.7, error=0.3, training time (seconds)=0.041
  Trial 1: accuracy=0.83, error=0.17, training time (seconds)=0.042
  Trial 2: accuracy=0.76, error=0.24, training time (seconds)=0.041
  Trial 3: accuracy=0.74, error=0.26, training time (seconds)=0.042
  Trial 4: accuracy=0.75, error=0.25, training time (seconds)=0.042
  ** SUMMARY: MEAN ACCURACY=0.76, STANDARD DEVIATION=0.04, MEAN ERROR=0.24, AVERAGE TRAINING TIME (SECONDS)=0.042
TRAINING SIZE: 40%
  Trial 0: accuracy=0.75, error=0.25, training time (seconds)=0.055
  Trial 1: accuracy=0.76, error=0.24, training time (seconds)=0.055
  Trial 2: accuracy=0.76, error=0.24, training time (seconds)=0.055
  Trial 3: accuracy=0.76, error=0.24, training time (seconds)=0.055
  Trial 4: accuracy=0.74, error=0.26, training time (seconds)=0.057
  ** SUMMARY: MEAN ACCURACY=0.75, STANDARD DEVIATION=0.01, MEAN ERROR=0.25, AVERAGE TRAINING TIME (SECONDS)=0.055
TRAINING SIZE: 50%
  Trial 0: accuracy=0.76, error=0.24, training time (seconds)=0.069
  Trial 1: accuracy=0.78, error=0.22, training time (seconds)=0.069
  Trial 2: accuracy=0.8, error=0.2, training time (seconds)=0.069
  Trial 3: accuracy=0.77, error=0.23, training time (seconds)=0.069
  Trial 4: accuracy=0.78, error=0.22, training time (seconds)=0.07
  ** SUMMARY: MEAN ACCURACY=0.78, STANDARD DEVIATION=0.01, MEAN ERROR=0.22, AVERAGE TRAINING TIME (SECONDS)=0.069
TRAINING SIZE: 60%
  Trial 0: accuracy=0.8, error=0.2, training time (seconds)=0.083
  Trial 1: accuracy=0.79, error=0.21, training time (seconds)=0.089
  Trial 2: accuracy=0.81, error=0.19, training time (seconds)=0.084
  Trial 3: accuracy=0.79, error=0.21, training time (seconds)=0.085
  Trial 4: accuracy=0.8, error=0.2, training time (seconds)=0.085
  ** SUMMARY: MEAN ACCURACY=0.8, STANDARD DEVIATION=0.01, MEAN ERROR=0.2, AVERAGE TRAINING TIME (SECONDS)=0.085
TRAINING SIZE: 70%
  Trial 0: accuracy=0.77, error=0.23, training time (seconds)=0.097
  Trial 1: accuracy=0.82, error=0.18, training time (seconds)=0.097
  Trial 2: accuracy=0.81, error=0.19, training time (seconds)=0.096
  Trial 3: accuracy=0.82, error=0.18, training time (seconds)=0.098
  Trial 4: accuracy=0.82, error=0.18, training time (seconds)=0.098
  ** SUMMARY: MEAN ACCURACY=0.81, STANDARD DEVIATION=0.02, MEAN ERROR=0.19, AVERAGE TRAINING TIME (SECONDS)=0.097
TRAINING SIZE: 80%
  Trial 0: accuracy=0.78, error=0.22, training time (seconds)=0.115
  Trial 1: accuracy=0.77, error=0.23, training time (seconds)=0.112
  Trial 2: accuracy=0.8, error=0.2, training time (seconds)=0.116
  Trial 3: accuracy=0.81, error=0.19, training time (seconds)=0.113
  Trial 4: accuracy=0.79, error=0.21, training time (seconds)=0.112
  ** SUMMARY: MEAN ACCURACY=0.79, STANDARD DEVIATION=0.01, MEAN ERROR=0.21, AVERAGE TRAINING TIME (SECONDS)=0.114
TRAINING SIZE: 90%
  Trial 0: accuracy=0.82, error=0.18, training time (seconds)=0.126
  Trial 1: accuracy=0.82, error=0.18, training time (seconds)=0.127
  Trial 2: accuracy=0.8, error=0.2, training time (seconds)=0.126
  Trial 3: accuracy=0.79, error=0.21, training time (seconds)=0.127
  Trial 4: accuracy=0.8, error=0.2, training time (seconds)=0.126
  ** SUMMARY: MEAN ACCURACY=0.81, STANDARD DEVIATION=0.01, MEAN ERROR=0.19, AVERAGE TRAINING TIME (SECONDS)=0.126
TRAINING SIZE: 100%
  Trial 0: accuracy=0.81, error=0.19, training time (seconds)=0.145
  Trial 1: accuracy=0.81, error=0.19, training time (seconds)=0.141
  Trial 2: accuracy=0.81, error=0.19, training time (seconds)=0.141
  Trial 3: accuracy=0.81, error=0.19, training time (seconds)=0.142
  Trial 4: accuracy=0.81, error=0.19, training time (seconds)=0.139
  ** SUMMARY: MEAN ACCURACY=0.81, STANDARD DEVIATION=0.0, MEAN ERROR=0.19, AVERAGE TRAINING TIME (SECONDS)=0.142
===================================================================
 
