===================================================================
NB face:
-- classifier: Naive Bayes Algorithm
-- image type: face
-------------------------------------------------------------------
TRAINING SIZE: 10%
  Trial 0: accuracy=0.76, error=0.24, training time (seconds)=0.001
  Trial 1: accuracy=0.73, error=0.27, training time (seconds)=0.002
  Trial 2: accuracy=0.7, error=0.3, training time (seconds)=0.001
  Trial 3: accuracy=0.64, error=0.36, training time (seconds)=0.001
  Trial 4: accuracy=0.79, error=0.21, training time (seconds)=0.001
  ** SUMMARY: MEAN ACCURACY=0.72, STANDARD DEVIATION=0.05, MEAN ERROR=0.28, AVERAGE TRAINING TIME (SECONDS)=0.001
TRAINING SIZE: 20%
  Trial 0: accuracy=0.8, error=0.2, training time (seconds)=0.002
  Trial 1: accuracy=0.7, error=0.3, training time (seconds)=0.002
  Trial 2: accuracy=0.7, error=0.3, training time (seconds)=0.004
  Trial 3: accuracy=0.74, error=0.26, training time (seconds)=0.002
  Trial 4: accuracy=0.72, error=0.28, training time (seconds)=0.002
  ** SUMMARY: MEAN ACCURACY=0.73, STANDARD DEVIATION=0.04, MEAN ERROR=0.27, AVERAGE TRAINING TIME (SECONDS)=0.002
TRAINING SIZE: 30%
  Trial 0: accuracy=0.76, error=0.24, training time (seconds)=0.003
  Trial 1: accuracy=0.8, error=0.2, training time (seconds)=0.003
  Trial 2: accuracy=0.77, error=0.23, training time (seconds)=0.003
  Trial 3: accuracy=0.82, error=0.18, training time (seconds)=0.003
  Trial 4: accuracy=0.76, error=0.24, training time (seconds)=0.003
  ** SUMMARY: MEAN ACCURACY=0.78, STANDARD DEVIATION=0.02, MEAN ERROR=0.22, AVERAGE TRAINING TIME (SECONDS)=0.003
TRAINING SIZE: 40%
  Trial 0: accuracy=0.81, error=0.19, training time (seconds)=0.004
  Trial 1: accuracy=0.84, error=0.16, training time (seconds)=0.004
  Trial 2: accuracy=0.71, error=0.29, training time (seconds)=0.005
  Trial 3: accuracy=0.69, error=0.31, training time (seconds)=0.004
  Trial 4: accuracy=0.76, error=0.24, training time (seconds)=0.004
  ** SUMMARY: MEAN ACCURACY=0.76, STANDARD DEVIATION=0.06, MEAN ERROR=0.24, AVERAGE TRAINING TIME (SECONDS)=0.004
TRAINING SIZE: 50%
  Trial 0: accuracy=0.78, error=0.22, training time (seconds)=0.005
  Trial 1: accuracy=0.86, error=0.14, training time (seconds)=0.005
  Trial 2: accuracy=0.8, error=0.2, training time (seconds)=0.005
  Trial 3: accuracy=0.82, error=0.18, training time (seconds)=0.005
  Trial 4: accuracy=0.78, error=0.22, training time (seconds)=0.005
  ** SUMMARY: MEAN ACCURACY=0.81, STANDARD DEVIATION=0.03, MEAN ERROR=0.19, AVERAGE TRAINING TIME (SECONDS)=0.005
TRAINING SIZE: 60%
  Trial 0: accuracy=0.76, error=0.24, training time (seconds)=0.007
  Trial 1: accuracy=0.85, error=0.15, training time (seconds)=0.006
  Trial 2: accuracy=0.8, error=0.2, training time (seconds)=0.007
  Trial 3: accuracy=0.79, error=0.21, training time (seconds)=0.006
  Trial 4: accuracy=0.78, error=0.22, training time (seconds)=0.006
  ** SUMMARY: MEAN ACCURACY=0.8, STANDARD DEVIATION=0.03, MEAN ERROR=0.2, AVERAGE TRAINING TIME (SECONDS)=0.006
TRAINING SIZE: 70%
  Trial 0: accuracy=0.84, error=0.16, training time (seconds)=0.007
  Trial 1: accuracy=0.8, error=0.2, training time (seconds)=0.007
  Trial 2: accuracy=0.79, error=0.21, training time (seconds)=0.008
  Trial 3: accuracy=0.83, error=0.17, training time (seconds)=0.007
  Trial 4: accuracy=0.78, error=0.22, training time (seconds)=0.007
  ** SUMMARY: MEAN ACCURACY=0.81, STANDARD DEVIATION=0.02, MEAN ERROR=0.19, AVERAGE TRAINING TIME (SECONDS)=0.007
TRAINING SIZE: 80%
  Trial 0: accuracy=0.84, error=0.16, training time (seconds)=0.008
  Trial 1: accuracy=0.81, error=0.19, training time (seconds)=0.008
  Trial 2: accuracy=0.86, error=0.14, training time (seconds)=0.009
  Trial 3: accuracy=0.84, error=0.16, training time (seconds)=0.009
  Trial 4: accuracy=0.84, error=0.16, training time (seconds)=0.008
  ** SUMMARY: MEAN ACCURACY=0.84, STANDARD DEVIATION=0.02, MEAN ERROR=0.16, AVERAGE TRAINING TIME (SECONDS)=0.008
TRAINING SIZE: 90%
  Trial 0: accuracy=0.88, error=0.12, training time (seconds)=0.009
  Trial 1: accuracy=0.84, error=0.16, training time (seconds)=0.009
  Trial 2: accuracy=0.85, error=0.15, training time (seconds)=0.009
  Trial 3: accuracy=0.86, error=0.14, training time (seconds)=0.009
  Trial 4: accuracy=0.88, error=0.12, training time (seconds)=0.01
  ** SUMMARY: MEAN ACCURACY=0.86, STANDARD DEVIATION=0.02, MEAN ERROR=0.14, AVERAGE TRAINING TIME (SECONDS)=0.009
TRAINING SIZE: 100%
  Trial 0: accuracy=0.88, error=0.12, training time (seconds)=0.011
  Trial 1: accuracy=0.88, error=0.12, training time (seconds)=0.01
  Trial 2: accuracy=0.88, error=0.12, training time (seconds)=0.011
  Trial 3: accuracy=0.88, error=0.12, training time (seconds)=0.01
  Trial 4: accuracy=0.88, error=0.12, training time (seconds)=0.011
  ** SUMMARY: MEAN ACCURACY=0.88, STANDARD DEVIATION=0.0, MEAN ERROR=0.12, AVERAGE TRAINING TIME (SECONDS)=0.011
===================================================================
 
